<?xml version="1.0" encoding="UTF-8"?>
<!-- Generated by org.testng.reporters.JUnitReportReporter -->
<testsuite hostname="DESKTOP-BOVJ3NS" name="BASICS.LOG4J" tests="3" failures="0" timestamp="4 Jun 2020 12:49:32 GMT" time="0.016" errors="0">
  <testcase name="logger1" time="0.016" classname="BASICS.LOG4J"/>
  <testcase name="logger3" time="0.000" classname="BASICS.LOG4J"/>
  <testcase name="logger2" time="0.000" classname="BASICS.LOG4J"/>
</testsuite> <!-- BASICS.LOG4J -->
