<?xml version="1.0" encoding="UTF-8"?>
<!-- Generated by org.testng.reporters.JUnitReportReporter -->
<testsuite hostname="DESKTOP-BOVJ3NS" name="Scripts.abc" tests="1" failures="0" timestamp="30 Jun 2020 12:31:43 GMT" time="0.009" errors="0">
  <testcase name="f" time="0.009" classname="Scripts.abc"/>
</testsuite> <!-- Scripts.abc -->
