<?xml version="1.0" encoding="UTF-8"?>
<!-- Generated by org.testng.reporters.JUnitReportReporter -->
<testsuite hostname="DESKTOP-BOVJ3NS" name="Scripts.ProductList" tests="1" failures="0" timestamp="18 May 2020 10:00:56 GMT" time="64.388" errors="0">
  <testcase name="search" time="64.388" classname="Scripts.ProductList"/>
</testsuite> <!-- Scripts.ProductList -->
