<?xml version="1.0" encoding="UTF-8"?>
<!-- Generated by org.testng.reporters.JUnitReportReporter -->
<testsuite hostname="DESKTOP-BOVJ3NS" name="BASICS.newlogsfile" tests="3" failures="0" timestamp="4 Jun 2020 12:49:32 GMT" time="0.016" errors="0">
  <testcase name="logger4" time="0.016" classname="BASICS.newlogsfile"/>
  <testcase name="logger6" time="0.000" classname="BASICS.newlogsfile"/>
  <testcase name="logger5" time="0.000" classname="BASICS.newlogsfile"/>
</testsuite> <!-- BASICS.newlogsfile -->
