<?xml version="1.0" encoding="UTF-8"?>
<!-- Generated by org.testng.reporters.JUnitReportReporter -->
<testsuite hostname="DESKTOP-BOVJ3NS" name="Scripts.FluentWait" tests="1" failures="0" timestamp="25 May 2020 09:54:15 GMT" time="81.230" errors="0">
  <testcase name="fluent" time="81.230" classname="Scripts.FluentWait"/>
</testsuite> <!-- Scripts.FluentWait -->
